
> history-game-stage1-demo@0.1.0 dev
> vite --host 127.0.0.1 --port 5173


  [32m[1mVITE[22m v5.4.21[39m  [2mready in [0m[1m476[22m[2m[0m ms[22m

  [32m➜[39m  [1mLocal[22m:   [36mhttp://127.0.0.1:[1m5173[22m/[39m
[2m18:30:19[22m [36m[1m[vite][22m[39m [32mhmr update [39m[2m/src/App.tsx[22m
[2m18:30:19[22m [36m[1m[vite][22m[39m [32mhmr update [39m[2m/src/App.tsx[22m
[2m18:31:54[22m [36m[1m[vite][22m[39m [32mhmr update [39m[2m/src/pages/StartPage.tsx[22m
[2m18:32:05[22m [36m[1m[vite][22m[39m [32mhmr update [39m[2m/src/components/scene/ScenePanel.tsx[22m
[2m18:32:55[22m [36m[1m[vite][22m[39m [32mhmr update [39m[2m/src/components/dialogue/DialoguePanel.tsx[22m
[2m18:33:04[22m [36m[1m[vite][22m[39m [32mhmr update [39m[2m/src/components/dialogue/DialoguePanel.tsx[22m
[2m18:33:24[22m [36m[1m[vite][22m[39m [32mhmr update [39m[2m/src/components/clue/ClueSidebar.tsx[22m
[2m18:33:33[22m [36m[1m[vite][22m[39m [32mhmr update [39m[2m/src/components/ending/EndingPanel.tsx[22m
[2m18:33:49[22m [36m[1m[vite][22m[39m [32mhmr update [39m[2m/src/pages/GamePage.tsx[22m
[2m18:34:50[22m [36m[1m[vite][22m[39m [32mhmr update [39m[2m/src/styles/global.css[22m
[2m18:37:44[22m [36m[1m[vite][22m[39m [32mhmr update [39m[2m/src/App.tsx, /src/pages/StartPage.tsx, /src/components/scene/ScenePanel.tsx, /src/components/ending/EndingPanel.tsx[22m
[2m18:37:44[22m [36m[1m[vite][22m[39m [32mhmr update [39m[2m/src/components/dialogue/DialoguePanel.tsx[22m
[2m18:38:35[22m [36m[1m[vite][22m[39m [32mhmr update [39m[2m/src/components/ending/EndingPanel.tsx[22m
[2m18:38:35[22m [36m[1m[vite][22m[39m [32mhmr update [39m[2m/src/components/dialogue/DialoguePanel.tsx[22m
[2m18:48:14[22m [36m[1m[vite][22m[39m [32mhmr update [39m[2m/src/App.tsx, /src/pages/StartPage.tsx, /src/components/scene/ScenePanel.tsx, /src/components/ending/EndingPanel.tsx[22m
[2m18:48:14[22m [36m[1m[vite][22m[39m [32mhmr update [39m[2m/src/components/scene/ScenePanel.tsx[22m
[2m18:48:15[22m [36m[1m[vite][22m[39m [32mhmr update [39m[2m/src/components/scene/ScenePanel.tsx[22m
[2m18:48:48[22m [36m[1m[vite][22m[39m [32mhmr update [39m[2m/src/styles/global.css[22m
[2m18:48:57[22m [36m[1m[vite][22m[39m [32mhmr update [39m[2m/src/styles/global.css[22m
[2m18:49:31[22m [36m[1m[vite][22m[39m [32mhmr update [39m[2m/src/components/scene/ScenePanel.tsx[22m
[2m20:01:59[22m [36m[1m[vite][22m[39m [32mhmr update [39m[2m/src/pages/StartPage.tsx[22m
[2m20:01:59[22m [36m[1m[vite][22m[39m [32mhmr update [39m[2m/src/pages/StartPage.tsx[22m
[2m20:01:59[22m [36m[1m[vite][22m[39m [32mhmr update [39m[2m/src/App.tsx[22m
